[2025-06-06T20:14:56.680Z] ERROR: [POST] /api/products → 400 La categoría debe ser válida
[2025-06-06T20:15:33.768Z] ERROR: [POST] /api/products → 400 La categoría debe ser válida
[2025-06-06T20:17:43.400Z] ERROR: [POST] /api/products → 400 "image" is not allowed
[2025-06-06T20:18:48.459Z] ERROR: [PUT] /api/products/2 → 400 "image" is not allowed
[2025-06-06T20:18:53.067Z] ERROR: [PUT] /api/products/2 → 400 "image" is not allowed
[2025-06-06T22:01:27.180Z] ERROR: [PUT] /api/products/4 → 500 ENOENT: no such file or directory, open 'C:\Users\CRISTIAN ANDRES\Documents\UTTT\DesarrolloWebIntegral\InfraestructureAPI-FRONT\Products\microapi_exp_products\public\ProductImages\img_1749247287176.jpg'
[2025-06-06T22:01:27.182Z] ERROR: Error: ENOENT: no such file or directory, open 'C:\Users\CRISTIAN ANDRES\Documents\UTTT\DesarrolloWebIntegral\InfraestructureAPI-FRONT\Products\microapi_exp_products\public\ProductImages\img_1749247287176.jpg'
[2025-06-06T22:01:43.556Z] ERROR: [PUT] /api/products/4 → 500 ENOENT: no such file or directory, open 'C:\Users\CRISTIAN ANDRES\Documents\UTTT\DesarrolloWebIntegral\InfraestructureAPI-FRONT\Products\microapi_exp_products\public\ProductImages\img_1749247303552.jpg'
[2025-06-06T22:01:43.558Z] ERROR: Error: ENOENT: no such file or directory, open 'C:\Users\CRISTIAN ANDRES\Documents\UTTT\DesarrolloWebIntegral\InfraestructureAPI-FRONT\Products\microapi_exp_products\public\ProductImages\img_1749247303552.jpg'
[2025-06-06T22:01:44.425Z] ERROR: [PUT] /api/products/4 → 500 ENOENT: no such file or directory, open 'C:\Users\CRISTIAN ANDRES\Documents\UTTT\DesarrolloWebIntegral\InfraestructureAPI-FRONT\Products\microapi_exp_products\public\ProductImages\img_1749247304423.jpg'
[2025-06-06T22:01:44.426Z] ERROR: Error: ENOENT: no such file or directory, open 'C:\Users\CRISTIAN ANDRES\Documents\UTTT\DesarrolloWebIntegral\InfraestructureAPI-FRONT\Products\microapi_exp_products\public\ProductImages\img_1749247304423.jpg'
[2025-06-06T22:01:44.627Z] ERROR: [PUT] /api/products/4 → 500 ENOENT: no such file or directory, open 'C:\Users\CRISTIAN ANDRES\Documents\UTTT\DesarrolloWebIntegral\InfraestructureAPI-FRONT\Products\microapi_exp_products\public\ProductImages\img_1749247304625.jpg'
[2025-06-06T22:01:44.628Z] ERROR: Error: ENOENT: no such file or directory, open 'C:\Users\CRISTIAN ANDRES\Documents\UTTT\DesarrolloWebIntegral\InfraestructureAPI-FRONT\Products\microapi_exp_products\public\ProductImages\img_1749247304625.jpg'
[2025-06-06T22:01:44.795Z] ERROR: [PUT] /api/products/4 → 500 ENOENT: no such file or directory, open 'C:\Users\CRISTIAN ANDRES\Documents\UTTT\DesarrolloWebIntegral\InfraestructureAPI-FRONT\Products\microapi_exp_products\public\ProductImages\img_1749247304792.jpg'
[2025-06-06T22:01:44.796Z] ERROR: Error: ENOENT: no such file or directory, open 'C:\Users\CRISTIAN ANDRES\Documents\UTTT\DesarrolloWebIntegral\InfraestructureAPI-FRONT\Products\microapi_exp_products\public\ProductImages\img_1749247304792.jpg'
[2025-06-06T22:01:44.959Z] ERROR: [PUT] /api/products/4 → 500 ENOENT: no such file or directory, open 'C:\Users\CRISTIAN ANDRES\Documents\UTTT\DesarrolloWebIntegral\InfraestructureAPI-FRONT\Products\microapi_exp_products\public\ProductImages\img_1749247304958.jpg'
[2025-06-06T22:01:44.960Z] ERROR: Error: ENOENT: no such file or directory, open 'C:\Users\CRISTIAN ANDRES\Documents\UTTT\DesarrolloWebIntegral\InfraestructureAPI-FRONT\Products\microapi_exp_products\public\ProductImages\img_1749247304958.jpg'
[2025-06-06T22:03:42.792Z] ERROR: [PUT] /api/products/4 → 500 ENOENT: no such file or directory, open 'C:\Users\CRISTIAN ANDRES\Documents\UTTT\DesarrolloWebIntegral\InfraestructureAPI-FRONT\Products\microapi_exp_products\public\ProductImages\img_1749247422790.jpg'
[2025-06-06T22:03:42.793Z] ERROR: Error: ENOENT: no such file or directory, open 'C:\Users\CRISTIAN ANDRES\Documents\UTTT\DesarrolloWebIntegral\InfraestructureAPI-FRONT\Products\microapi_exp_products\public\ProductImages\img_1749247422790.jpg'
[2025-06-06T22:05:15.019Z] ERROR: [POST] /api/products → 500 ENOENT: no such file or directory, open 'C:\Users\CRISTIAN ANDRES\Documents\UTTT\DesarrolloWebIntegral\InfraestructureAPI-FRONT\Products\microapi_exp_products\public\ProductImages\img_1749247515018.jpg'
[2025-06-06T22:05:15.026Z] ERROR: Error: ENOENT: no such file or directory, open 'C:\Users\CRISTIAN ANDRES\Documents\UTTT\DesarrolloWebIntegral\InfraestructureAPI-FRONT\Products\microapi_exp_products\public\ProductImages\img_1749247515018.jpg'
